<?xml version="1.0" encoding="UTF-8"?>
<!-- Generated by org.testng.reporters.JUnitReportReporter -->
<testsuite hostname="LTIN523104" failures="0" tests="6" name="testCases.WebDevelopment" time="48.695" errors="0" timestamp="2025-04-26T21:35:05 IST" skipped="0">
  <testcase classname="testCases.WebDevelopment" name="filterCourses" time="12.903"/>
  <system-out/>
  <testcase classname="testCases.WebDevelopment" name="filterCourses" time="11.002"/>
  <system-out/>
  <testcase classname="testCases.WebDevelopment" name="printCourseDetails" time="0.391"/>
  <system-out/>
  <testcase classname="testCases.WebDevelopment" name="printCourseDetails" time="0.415"/>
  <system-out/>
  <testcase classname="testCases.WebDevelopment" name="enterText" time="10.863"/>
  <system-out/>
  <testcase classname="testCases.WebDevelopment" name="enterText" time="13.121"/>
  <system-out/>
</testsuite> <!-- testCases.WebDevelopment -->
