<?xml version="1.0" encoding="UTF-8"?>
<!-- Generated by org.testng.reporters.JUnitReportReporter -->
<testsuite hostname="LTIN523104" failures="0" tests="3" name="HighlightDemo.Implementation" time="14.518" errors="0" timestamp="2025-04-10T10:34:24 IST" skipped="0">
  <testcase classname="HighlightDemo.Implementation" name="filterCourses" time="4.941"/>
  <system-out/>
  <testcase classname="HighlightDemo.Implementation" name="printCourseDetails" time="0.126"/>
  <system-out/>
  <testcase classname="HighlightDemo.Implementation" name="enterText" time="9.451"/>
  <system-out/>
</testsuite> <!-- HighlightDemo.Implementation -->
