<?xml version="1.0" encoding="UTF-8"?>
<!-- Generated by org.testng.reporters.JUnitReportReporter -->
<testsuite hostname="LTIN523104" failures="0" tests="1" name="HighlightDemo.ForEnterprise" time="7.253" errors="0" timestamp="2025-04-10T10:50:34 IST" skipped="0">
  <testcase classname="HighlightDemo.ForEnterprise" name="clickOnForEnterprise" time="7.253"/>
  <system-out/>
</testsuite> <!-- HighlightDemo.ForEnterprise -->
