<?xml version="1.0" encoding="UTF-8"?>
<!-- Generated by org.testng.reporters.JUnitReportReporter -->
<testsuite hostname="LTIN523104" failures="0" tests="4" name="testCases.LanguageLearning" time="50.070" errors="0" timestamp="2025-04-26T21:35:05 IST" skipped="0">
  <testcase classname="testCases.LanguageLearning" name="SearchLanguageLearning" time="6.148"/>
  <system-out/>
  <testcase classname="testCases.LanguageLearning" name="printNoOfCourses" time="19.248"/>
  <system-out/>
  <testcase classname="testCases.LanguageLearning" name="printNoOfCourses" time="18.342"/>
  <system-out/>
  <testcase classname="testCases.LanguageLearning" name="SearchLanguageLearning" time="6.332"/>
  <system-out/>
</testsuite> <!-- testCases.LanguageLearning -->
